INFO:root:manager entered at 2021-10-08 08:52:20.931686
INFO:root:event konserteshajar added at 2021-10-08 08:52:20.932560
INFO:root:2150008394 bougth 2 ticket for konserteshajar:aban:vahdat:200 at 2021-10-08 08:52:20.973289
INFO:root:2150008394 entered at 2021-10-08 08:52:20.988776
ERROR:root:wronge entry for personality at 2021-10-08 08:52:20.989694
ERROR:root:wrong entry for discount code adding at 2021-10-08 08:52:21.006422
INFO:root:manager entered at 2021-10-08 08:52:21.024496
INFO:root:2150008394 entered at 2021-10-08 08:52:21.040416
INFO:root:manager entered at 2021-10-08 08:52:21.053231
INFO:root:manger saw konserteshajar at 2021-10-08 08:52:21.053438
INFO:root:manager entered at 2021-10-12 19:07:37.402253
INFO:root:event konserteshajar added at 2021-10-12 19:07:37.402633
INFO:root:2150008394 bougth 2 ticket for konserteshajar:aban:vahdat:200 at 2021-10-12 19:07:37.405882
INFO:root:2150008394 entered at 2021-10-12 19:07:37.406582
ERROR:root:wronge entry for personality at 2021-10-12 19:07:37.406823
ERROR:root:wrong entry for discount code adding at 2021-10-12 19:07:37.407430
INFO:root:manager entered at 2021-10-12 19:07:37.408731
INFO:root:2150008394 entered at 2021-10-12 19:07:37.410238
INFO:root:manager entered at 2021-10-12 19:07:37.411151
INFO:root:manger saw konserteshajar at 2021-10-12 19:07:37.411312
